<?xml version="1.0" encoding="UTF-8"?>
<!-- Generated by org.testng.reporters.JUnitXMLReporter -->
<testsuite hostname="ajay-PC" name="Default test" tests="5" failures="0" timestamp="1 Jul 2017 12:28:57 GMT" time="8.346" errors="0">
  <testcase name="launchApp" time="8.136" classname="herokuapp.VerifyHeader"/>
  <testcase name="maximizeApp" time="0.02" classname="herokuapp.VerifyHeader"/>
  <testcase name="verifyHeaderTxt" time="0.06" classname="herokuapp.VerifyHeader"/>
  <testcase name="verifyHeaderParagraph" time="0.04" classname="herokuapp.VerifyHeader"/>
  <testcase name="closeBrowser" time="0.05" classname="herokuapp.VerifyHeader"/>
</testsuite> <!-- Default test -->
