<?xml version="1.0" encoding="UTF-8"?>
<!-- Generated by org.testng.reporters.JUnitXMLReporter -->
<testsuite hostname="ajay-PC" name="Testcase 7: VerifyFooterTxt" tests="4" failures="0" timestamp="2 Jul 2017 11:18:35 GMT" time="12.94" errors="0">
  <testcase name="launchApp" time="12.657" classname="herokuapp.VerifyFooterTxt"/>
  <testcase name="maximizeApp" time="0.015" classname="herokuapp.VerifyFooterTxt"/>
  <testcase name="verifyColumnHeader" time="0.107" classname="herokuapp.VerifyFooterTxt"/>
  <testcase name="closeBrowser" time="0.157" classname="herokuapp.VerifyFooterTxt"/>
</testsuite> <!-- Testcase 7: VerifyFooterTxt -->
