<?xml version="1.0" encoding="UTF-8"?>
<!-- Generated by org.testng.reporters.JUnitXMLReporter -->
<testsuite hostname="ajay-PC" name="Testcase 2: VerifyAnswerCode" tests="4" failures="1" timestamp="2 Jul 2017 10:44:24 GMT" time="9.95" errors="0">
  <testcase name="launchApp" time="6.799" classname="herokuapp.VerifyAnswerCode"/>
  <testcase name="maximizeApp" time="0.03" classname="herokuapp.VerifyAnswerCode"/>
  <testcase name="verifyCode" time="3.04" classname="herokuapp.VerifyAnswerCode">
    <failure type="java.lang.StringIndexOutOfBoundsException" message="String index out of range: -6711">
      <![CDATA[java.lang.StringIndexOutOfBoundsException: String index out of range: -6711
	at java.lang.String.substring(Unknown Source)
	at herokuapp.VerifyAnswerCode.verifyCode(VerifyAnswerCode.java:41)
... Removed 24 stack frames]]>
    </failure>
  </testcase> <!-- verifyCode -->
  <testcase name="closeBrowser" time="0.061" classname="herokuapp.VerifyAnswerCode"/>
</testsuite> <!-- Testcase 2: VerifyAnswerCode -->
