<?xml version="1.0" encoding="UTF-8"?>
<!-- Generated by org.testng.reporters.JUnitXMLReporter -->
<testsuite hostname="ajay-PC" name="Testcase 1: ColumnHeaders" tests="4" failures="0" timestamp="2 Jul 2017 11:17:23 GMT" time="9.369" errors="0">
  <testcase name="launchApp" time="8.772" classname="herokuapp.ColumnHeaders"/>
  <testcase name="maximizeApp" time="0.024" classname="herokuapp.ColumnHeaders"/>
  <testcase name="verifyColumnHeader" time="0.434" classname="herokuapp.ColumnHeaders"/>
  <testcase name="closeBrowser" time="0.109" classname="herokuapp.ColumnHeaders"/>
</testsuite> <!-- Testcase 1: ColumnHeaders -->
