<?xml version="1.0" encoding="UTF-8"?>
<!-- Generated by org.testng.reporters.JUnitXMLReporter -->
<testsuite hostname="ajay-PC" name="Testcase 9: VerifyTableData" tests="4" failures="0" timestamp="2 Jul 2017 11:18:54 GMT" time="12.335" errors="0">
  <testcase name="launchApp" time="7.59" classname="herokuapp.VerifyTableData"/>
  <testcase name="maximizeApp" time="0.017" classname="herokuapp.VerifyTableData"/>
  <testcase name="verifyTableData" time="4.619" classname="herokuapp.VerifyTableData"/>
  <testcase name="closeBrowser" time="0.103" classname="herokuapp.VerifyTableData"/>
</testsuite> <!-- Testcase 9: VerifyTableData -->
