<?xml version="1.0" encoding="UTF-8"?>
<!-- Generated by org.testng.reporters.JUnitXMLReporter -->
<testsuite hostname="ajay-PC" name="Testcase 6: VerifyEditFunctionality" tests="4" failures="0" timestamp="2 Jul 2017 11:18:22 GMT" time="11.105" errors="0">
  <testcase name="launchApp" time="7.112" classname="herokuapp.VerifyEditFunctionality"/>
  <testcase name="maximizeApp" time="0.01" classname="herokuapp.VerifyEditFunctionality"/>
  <testcase name="verifyTableData" time="3.89" classname="herokuapp.VerifyEditFunctionality"/>
  <testcase name="closeBrowser" time="0.086" classname="herokuapp.VerifyEditFunctionality"/>
</testsuite> <!-- Testcase 6: VerifyEditFunctionality -->
