<?xml version="1.0" encoding="UTF-8"?>
<!-- Generated by org.testng.reporters.JUnitXMLReporter -->
<testsuite hostname="ajay-PC" name="Testcase 3: VerifyAnswerCode" tests="4" failures="0" timestamp="2 Jul 2017 11:17:48 GMT" time="10.198" errors="0">
  <testcase name="launchApp" time="6.991" classname="herokuapp.VerifyAnswerCode"/>
  <testcase name="maximizeApp" time="0.012" classname="herokuapp.VerifyAnswerCode"/>
  <testcase name="verifyCode" time="3.041" classname="herokuapp.VerifyAnswerCode"/>
  <testcase name="closeBrowser" time="0.146" classname="herokuapp.VerifyAnswerCode"/>
</testsuite> <!-- Testcase 3: VerifyAnswerCode -->
