<?xml version="1.0" encoding="UTF-8"?>
<!-- Generated by org.testng.reporters.JUnitXMLReporter -->
<testsuite hostname="ajay-PC" ignored="4" name="Test2" tests="4" failures="0" timestamp="03 Jul 2017 01:41:46 GMT" time="0.01" errors="0">
  <testcase name="myTestMethod1" time="0.0" classname="ShopKeep.MyTestClass1"/>
  <testcase name="myTestMethod2" time="0.0" classname="ShopKeep.MyTestClass1"/>
  <testcase name="myTestMethod3" time="0.0" classname="ShopKeep.MyTestClass2"/>
  <testcase name="myTestMethod4" time="0.0" classname="ShopKeep.MyTestClass2"/>
  <testcase name="@BeforeTest beforeTest" time="0.0" classname="ShopKeep.SeleniumAbstractTest">
    <ignored/>
  </testcase> <!-- @BeforeTest beforeTest -->
  <testcase name="@AfterTest afterTest" time="0.0" classname="ShopKeep.SeleniumAbstractTest">
    <ignored/>
  </testcase> <!-- @AfterTest afterTest -->
  <testcase name="@AfterSuite afterSuite" time="0.0" classname="ShopKeep.SeleniumAbstractTest">
    <ignored/>
  </testcase> <!-- @AfterSuite afterSuite -->
  <testcase name="@BeforeSuite beforeSuite" time="0.0" classname="ShopKeep.SeleniumAbstractTest">
    <ignored/>
  </testcase> <!-- @BeforeSuite beforeSuite -->
</testsuite> <!-- Test2 -->
